<?xml version="1.0" encoding="UTF-8"?>
<!-- Generated by org.testng.reporters.JUnitReportReporter -->
<testsuite hostname="DC-KA-QA-RL-254" failures="0" tests="1" name="AppiumDemo.Appium.DragDropDemo" time="8.175" errors="0" timestamp="2025-10-16T13:34:38 IST" skipped="0">
  <testcase classname="AppiumDemo.Appium.DragDropDemo" name="DragDropTest" time="8.175"/>
</testsuite> <!-- AppiumDemo.Appium.DragDropDemo -->
