<?xml version="1.0" encoding="UTF-8"?>
<!-- Generated by org.testng.reporters.JUnitReportReporter -->
<testsuite hostname="DC-KA-QA-RL-254" failures="0" tests="1" name="AppiumDemo.Appium.MisceallanousAppiumActions" time="12.161" errors="0" timestamp="2025-10-16T14:08:46 IST" skipped="0">
  <testcase classname="AppiumDemo.Appium.MisceallanousAppiumActions" name="Miscellanous" time="12.161"/>
</testsuite> <!-- AppiumDemo.Appium.MisceallanousAppiumActions -->
