<?xml version="1.0" encoding="UTF-8"?>
<!-- Generated by org.testng.reporters.JUnitReportReporter -->
<testsuite hostname="DC-KA-QA-RL-254" failures="0" tests="1" name="AppiumDemo.Appium.LongPress" time="11.169" errors="0" timestamp="2025-10-16T12:25:27 IST" skipped="0">
  <testcase classname="AppiumDemo.Appium.LongPress" name="LongPressGesture" time="11.169"/>
</testsuite> <!-- AppiumDemo.Appium.LongPress -->
