<?xml version="1.0" encoding="UTF-8"?>
<!-- Generated by org.testng.reporters.JUnitReportReporter -->
<testsuite hostname="DC-KA-QA-RL-254" failures="0" tests="1" name="AppiumDemo.Appium.AppiumBasics" time="9.100" errors="0" timestamp="2025-10-15T22:41:32 IST" skipped="0">
  <testcase classname="AppiumDemo.Appium.AppiumBasics" name="WifiSettingsName" time="9.100"/>
</testsuite> <!-- AppiumDemo.Appium.AppiumBasics -->
