<?xml version="1.0" encoding="UTF-8"?>
<!-- Generated by org.testng.reporters.JUnitReportReporter -->
<testsuite hostname="DC-KA-QA-RL-254" failures="0" tests="1" name="AppiumDemo.Appium.eCommerce_tc_3" time="23.868" errors="0" timestamp="2025-10-16T17:29:15 IST" skipped="0">
  <testcase classname="AppiumDemo.Appium.eCommerce_tc_3" name="FillForm" time="23.868"/>
</testsuite> <!-- AppiumDemo.Appium.eCommerce_tc_3 -->
