<?xml version="1.0" encoding="UTF-8"?>
<!-- Generated by org.testng.reporters.JUnitReportReporter -->
<testsuite hostname="DC-KA-QA-RL-254" failures="0" tests="1" name="AppiumDemo.Appium.SwipeDemo" time="7.270" errors="0" timestamp="2025-10-16T13:09:20 IST" skipped="0">
  <testcase classname="AppiumDemo.Appium.SwipeDemo" name="SwipeDemoTest" time="7.270"/>
</testsuite> <!-- AppiumDemo.Appium.SwipeDemo -->
