<?xml version="1.0" encoding="UTF-8"?>
<!-- Generated by org.testng.reporters.JUnitReportReporter -->
<testsuite hostname="DC-KA-QA-RL-254" failures="0" tests="1" name="AppiumDemo.Appium.ScrollDemo" time="9.708" errors="0" timestamp="2025-10-16T12:42:03 IST" skipped="0">
  <testcase classname="AppiumDemo.Appium.ScrollDemo" name="ScrollDemoTest" time="9.708"/>
</testsuite> <!-- AppiumDemo.Appium.ScrollDemo -->
