<?xml version="1.0" encoding="UTF-8"?>
<!-- Generated by org.testng.reporters.JUnitReportReporter -->
<testsuite hostname="DC-KA-QA-RL-254" failures="0" tests="1" name="AppiumDemo.Appium.eCommerce_tc_2" time="7.960" errors="0" timestamp="2025-10-16T16:40:35 IST" skipped="0">
  <testcase classname="AppiumDemo.Appium.eCommerce_tc_2" name="FillForm" time="7.960"/>
</testsuite> <!-- AppiumDemo.Appium.eCommerce_tc_2 -->
