<?xml version="1.0" encoding="UTF-8"?>
<!-- Generated by org.testng.reporters.JUnitReportReporter -->
<testsuite hostname="DC-KA-QA-RL-254" failures="0" tests="1" name="AppiumDemo.Appium.eCommerce_tc_4_Hybrid" time="13.574" errors="1" timestamp="2025-10-16T18:52:26 IST" skipped="0">
  <testcase classname="AppiumDemo.Appium.eCommerce_tc_4_Hybrid" name="FillForm" time="13.574">
    <error message="The element &#039;By.id: com.androidsample.generalstore:id/toolbar_title&#039; does not exist in DOM anymore
For documentation on this error, please visit: https://www.selenium.dev/documentation/webdriver/troubleshooting/errors#staleelementreferenceexception
Build info: version: &#039;4.36.0&#039;, revision: &#039;6d115cfd87&#039;
System info: os.name: &#039;Windows 11&#039;, os.arch: &#039;amd64&#039;, os.version: &#039;10.0&#039;, java.version: &#039;21.0.8&#039;
Driver info: io.appium.java_client.android.AndroidDriver
Command: [b077302f-c7fe-4f79-a6a9-80cfa41452e0, getElementAttribute {id=00000000-0000-0170-ffff-ffff00000040, name=text}]
Capabilities {appium:app: D://Eclipse//Eclipse worksp..., appium:appActivity: com.androidsample.generalst..., appium:appPackage: com.androidsample.generalstore, appium:automationName: UIAutomator2, appium:chromedriverExecutable: D://Eclipse//Chrome driver, appium:databaseEnabled: false, appium:desired: {app: D://Eclipse//Eclipse worksp..., automationName: UIAutomator2, chromedriverExecutable: D://Eclipse//Chrome driver, deviceName: Android Device, platformName: ANDROID}, appium:deviceApiLevel: 36, appium:deviceManufacturer: Google, appium:deviceModel: sdk_gphone64_x86_64, appium:deviceName: emulator-5554, appium:deviceScreenDensity: 420, appium:deviceScreenSize: 1080x2424, appium:deviceUDID: emulator-5554, appium:javascriptEnabled: true, appium:locationContextEnabled: false, appium:networkConnectionEnabled: true, appium:pixelRatio: 2.625, appium:platformVersion: 16, appium:statBarHeight: 137, appium:takesScreenshot: true, appium:viewportRect: {height: 2287, left: 0, top: 137, width: 1080}, appium:warnings: {}, appium:webStorageEnabled: false, platformName: ANDROID}
Element: [[AndroidDriver:  on ANDROID (b077302f-c7fe-4f79-a6a9-80cfa41452e0)] -&gt; id: com.androidsample.generalstore:id/toolbar_title]
Session ID: b077302f-c7fe-4f79-a6a9-80cfa41452e0" type="org.openqa.selenium.StaleElementReferenceException">
      <![CDATA[org.openqa.selenium.StaleElementReferenceException: The element 'By.id: com.androidsample.generalstore:id/toolbar_title' does not exist in DOM anymore
For documentation on this error, please visit: https://www.selenium.dev/documentation/webdriver/troubleshooting/errors#staleelementreferenceexception
Build info: version: '4.36.0', revision: '6d115cfd87'
System info: os.name: 'Windows 11', os.arch: 'amd64', os.version: '10.0', java.version: '21.0.8'
Driver info: io.appium.java_client.android.AndroidDriver
Command: [b077302f-c7fe-4f79-a6a9-80cfa41452e0, getElementAttribute {id=00000000-0000-0170-ffff-ffff00000040, name=text}]
Capabilities {appium:app: D://Eclipse//Eclipse worksp..., appium:appActivity: com.androidsample.generalst..., appium:appPackage: com.androidsample.generalstore, appium:automationName: UIAutomator2, appium:chromedriverExecutable: D://Eclipse//Chrome driver, appium:databaseEnabled: false, appium:desired: {app: D://Eclipse//Eclipse worksp..., automationName: UIAutomator2, chromedriverExecutable: D://Eclipse//Chrome driver, deviceName: Android Device, platformName: ANDROID}, appium:deviceApiLevel: 36, appium:deviceManufacturer: Google, appium:deviceModel: sdk_gphone64_x86_64, appium:deviceName: emulator-5554, appium:deviceScreenDensity: 420, appium:deviceScreenSize: 1080x2424, appium:deviceUDID: emulator-5554, appium:javascriptEnabled: true, appium:locationContextEnabled: false, appium:networkConnectionEnabled: true, appium:pixelRatio: 2.625, appium:platformVersion: 16, appium:statBarHeight: 137, appium:takesScreenshot: true, appium:viewportRect: {height: 2287, left: 0, top: 137, width: 1080}, appium:warnings: {}, appium:webStorageEnabled: false, platformName: ANDROID}
Element: [[AndroidDriver:  on ANDROID (b077302f-c7fe-4f79-a6a9-80cfa41452e0)] -> id: com.androidsample.generalstore:id/toolbar_title]
Session ID: b077302f-c7fe-4f79-a6a9-80cfa41452e0
at java.base/jdk.internal.reflect.DirectConstructorHandleAccessor.newInstance(DirectConstructorHandleAccessor.java:62)
at java.base/java.lang.reflect.Constructor.newInstanceWithCaller(Constructor.java:502)
at java.base/java.lang.reflect.Constructor.newInstance(Constructor.java:486)
at org.openqa.selenium.remote.ErrorCodec.decode(ErrorCodec.java:167)
at org.openqa.selenium.remote.codec.w3c.W3CHttpResponseCodec.decode(W3CHttpResponseCodec.java:138)
at org.openqa.selenium.remote.codec.w3c.W3CHttpResponseCodec.decode(W3CHttpResponseCodec.java:50)
at org.openqa.selenium.remote.HttpCommandExecutor.execute(HttpCommandExecutor.java:215)
at io.appium.java_client.remote.AppiumCommandExecutor.execute(AppiumCommandExecutor.java:243)
at org.openqa.selenium.remote.RemoteWebDriver.execute(RemoteWebDriver.java:557)
at org.openqa.selenium.remote.RemoteWebElement.execute(RemoteWebElement.java:223)
at org.openqa.selenium.remote.RemoteWebElement.getAttribute(RemoteWebElement.java:149)
at org.openqa.selenium.support.ui.ExpectedConditions.getAttributeOrCssValue(ExpectedConditions.java:1175)
at org.openqa.selenium.support.ui.ExpectedConditions$40.apply(ExpectedConditions.java:1124)
at org.openqa.selenium.support.ui.ExpectedConditions$40.apply(ExpectedConditions.java:1121)
at org.openqa.selenium.support.ui.FluentWait.until(FluentWait.java:203)
at AppiumDemo.Appium.eCommerce_tc_4_Hybrid.FillForm(eCommerce_tc_4_Hybrid.java:40)
at java.base/jdk.internal.reflect.DirectMethodHandleAccessor.invoke(DirectMethodHandleAccessor.java:103)
at java.base/java.lang.reflect.Method.invoke(Method.java:580)
at org.testng.internal.invokers.MethodInvocationHelper.invokeMethod(MethodInvocationHelper.java:141)
at org.testng.internal.invokers.TestInvoker.invokeMethod(TestInvoker.java:687)
at org.testng.internal.invokers.TestInvoker.invokeTestMethod(TestInvoker.java:230)
at org.testng.internal.invokers.MethodRunner.runInSequence(MethodRunner.java:63)
at org.testng.internal.invokers.TestInvoker$MethodInvocationAgent.invoke(TestInvoker.java:995)
at org.testng.internal.invokers.TestInvoker.invokeTestMethods(TestInvoker.java:203)
at org.testng.internal.invokers.TestMethodWorker.invokeTestMethods(TestMethodWorker.java:154)
at org.testng.internal.invokers.TestMethodWorker.run(TestMethodWorker.java:134)
at java.base/java.util.ArrayList.forEach(ArrayList.java:1596)
at org.testng.TestRunner.privateRun(TestRunner.java:741)
at org.testng.TestRunner.run(TestRunner.java:616)
at org.testng.SuiteRunner.runTest(SuiteRunner.java:421)
at org.testng.SuiteRunner.runSequentially(SuiteRunner.java:413)
at org.testng.SuiteRunner.privateRun(SuiteRunner.java:373)
at org.testng.SuiteRunner.run(SuiteRunner.java:312)
at org.testng.SuiteRunnerWorker.runSuite(SuiteRunnerWorker.java:52)
at org.testng.SuiteRunnerWorker.run(SuiteRunnerWorker.java:95)
at org.testng.TestNG.runSuitesSequentially(TestNG.java:1274)
at org.testng.TestNG.runSuitesLocally(TestNG.java:1208)
at org.testng.TestNG.runSuites(TestNG.java:1112)
at org.testng.TestNG.run(TestNG.java:1079)
at org.testng.remote.AbstractRemoteTestNG.run(AbstractRemoteTestNG.java:115)
at org.testng.remote.RemoteTestNG.initAndRun(RemoteTestNG.java:293)
at org.testng.remote.RemoteTestNG.main(RemoteTestNG.java:91)
]]>
    </error>
  </testcase> <!-- FillForm -->
</testsuite> <!-- AppiumDemo.Appium.eCommerce_tc_4_Hybrid -->
