<?xml version="1.0" encoding="UTF-8"?>
<!-- Generated by org.testng.reporters.JUnitReportReporter -->
<testsuite hostname="DC-KA-QA-RL-254" failures="0" tests="2" name="com.frameworkdesign.eCommerce_tc_4_Hybrid" time="83.028" errors="0" timestamp="2025-10-18T00:20:24 IST" skipped="0">
  <testcase classname="com.frameworkdesign.eCommerce_tc_4_Hybrid" name="FillForm" time="48.057"/>
  <testcase classname="com.frameworkdesign.eCommerce_tc_4_Hybrid" name="FillForm" time="34.971"/>
</testsuite> <!-- com.frameworkdesign.eCommerce_tc_4_Hybrid -->
